<?xml version="1.0" encoding="UTF-8"?>
<!-- Generated by org.testng.reporters.JUnitXMLReporter -->
<testsuite ignored="0" hostname="DESKTOP-PN8R175" failures="0" tests="1" name="Microsoft Edge Test" time="0.269" errors="0" timestamp="2023-12-20T10:16:50 EST">
  <testcase classname="BasePackage.BrowserSetUp" name="@BeforeMethod SetUp" time="0.253">
    <failure type="java.lang.NullPointerException" message="Cannot invoke &amp;quot;org.openqa.selenium.remote.RemoteWebDriver.manage()&amp;quot; because &amp;quot;BasePackage.BrowserSetUp.driver&amp;quot; is null">
      <![CDATA[java.lang.NullPointerException: Cannot invoke "org.openqa.selenium.remote.RemoteWebDriver.manage()" because "BasePackage.BrowserSetUp.driver" is null
at BasePackage.BrowserSetUp.SetUp(BrowserSetUp.java:80)
at java.base/java.util.concurrent.ThreadPoolExecutor.runWorker(ThreadPoolExecutor.java:1136)
at java.base/java.util.concurrent.ThreadPoolExecutor$Worker.run(ThreadPoolExecutor.java:635)
at java.base/java.lang.Thread.run(Thread.java:833)
... Removed 16 stack frames]]>
    </failure>
  </testcase> <!-- @BeforeMethod SetUp -->
  <testcase classname="BasePackage.BrowserSetUp" name="@AfterMethod TearDown" time="-1.703085410473E9">
    <skipped/>
  </testcase> <!-- @AfterMethod TearDown -->
  <testcase classname="TestCases.AutomationTestCases" name="test1" time="0.0">
    <skipped/>
  </testcase> <!-- test1 -->
</testsuite> <!-- Microsoft Edge Test -->
