<?xml version="1.0" encoding="UTF-8"?>
<testng-results ignored="0" total="1" passed="1" failed="0" skipped="0">
  <reporter-output>
  </reporter-output>
  <suite started-at="2023-12-15T12:15:12 EST" name="Default suite" finished-at="2023-12-15T12:15:28 EST" duration-ms="15830">
    <groups>
    </groups>
    <test started-at="2023-12-15T12:15:12 EST" name="Default test" finished-at="2023-12-15T12:15:28 EST" duration-ms="15830">
      <class name="TestCases.AutomationTestCases">
        <test-method signature="test1()[pri:0, instance:TestCases.AutomationTestCases@3c407114]" started-at="2023-12-15T12:15:12 EST" name="test1" finished-at="2023-12-15T12:15:28 EST" duration-ms="15775" status="PASS">
          <reporter-output>
          </reporter-output>
        </test-method> <!-- test1 -->
      </class> <!-- TestCases.AutomationTestCases -->
    </test> <!-- Default test -->
  </suite> <!-- Default suite -->
</testng-results>
